<?xml version="1.0" encoding="UTF-8"?>
<!-- Generated by org.testng.reporters.JUnitXMLReporter -->
<testsuite ignored="6" hostname="DESKTOP-GLTDHMS" failures="0" tests="5" name="Test" time="42.752" errors="0" timestamp="2023-06-30T19:50:55 IST">
  <testcase classname="TestCases.VrifyRegester" name="Regester" time="1.477"/>
  <testcase classname="TestCases.VerifyLogIn" name="Customer" time="1.26"/>
  <testcase classname="TestCases.VerifyLogIn" name="Login" time="0.561"/>
  <testcase classname="TestCases.veifyAccServices" name="AccountServices" time="4.732"/>
  <testcase classname="TestCases.VerifyTransac" name="FindTransactions" time="4.725"/>
  <testcase classname="Resources.baseClass" name="@BeforeTest ExtentReport" time="0.0">
    <ignored/>
  </testcase> <!-- @BeforeTest ExtentReport -->
  <testcase classname="Resources.baseClass" name="@BeforeTest ExtentReport" time="0.0">
    <ignored/>
  </testcase> <!-- @BeforeTest ExtentReport -->
  <testcase classname="Resources.baseClass" name="@BeforeTest ExtentReport" time="0.0">
    <ignored/>
  </testcase> <!-- @BeforeTest ExtentReport -->
  <testcase classname="Resources.baseClass" name="@AfterTest endReport" time="0.0">
    <ignored/>
  </testcase> <!-- @AfterTest endReport -->
  <testcase classname="Resources.baseClass" name="@AfterTest endReport" time="0.0">
    <ignored/>
  </testcase> <!-- @AfterTest endReport -->
  <testcase classname="Resources.baseClass" name="@AfterTest endReport" time="0.0">
    <ignored/>
  </testcase> <!-- @AfterTest endReport -->
</testsuite> <!-- Test -->
