<?xml version="1.0" encoding="UTF-8"?>
<testng-results ignored="6" total="11" passed="5" failed="0" skipped="0">
  <reporter-output>
  </reporter-output>
  <suite started-at="2023-06-30T22:52:25 IST" name="Suite" finished-at="2023-06-30T22:53:12 IST" duration-ms="46862">
    <groups>
    </groups>
    <test started-at="2023-06-30T22:52:25 IST" name="Test" finished-at="2023-06-30T22:53:12 IST" duration-ms="46862">
      <class name="TestCases.veifyAccServices">
        <test-method is-config="true" signature="LaunchBrowser()[pri:0, instance:TestCases.veifyAccServices@4ec4f3a0]" started-at="2023-06-30T22:52:53 IST" name="LaunchBrowser" finished-at="2023-06-30T22:52:57 IST" duration-ms="3720" status="PASS">
          <reporter-output>
          </reporter-output>
        </test-method> <!-- LaunchBrowser -->
        <test-method signature="AccountServices()[pri:0, instance:TestCases.veifyAccServices@4ec4f3a0]" started-at="2023-06-30T22:52:57 IST" name="AccountServices" finished-at="2023-06-30T22:53:02 IST" duration-ms="5420" status="PASS">
          <reporter-output>
          </reporter-output>
        </test-method> <!-- AccountServices -->
        <test-method is-config="true" signature="quitBrowser()[pri:0, instance:TestCases.veifyAccServices@4ec4f3a0]" started-at="2023-06-30T22:53:02 IST" name="quitBrowser" finished-at="2023-06-30T22:53:03 IST" duration-ms="126" status="PASS">
          <reporter-output>
          </reporter-output>
        </test-method> <!-- quitBrowser -->
      </class> <!-- TestCases.veifyAccServices -->
      <class name="TestCases.VrifyRegester">
        <test-method is-config="true" signature="ExtentReport()[pri:0, instance:TestCases.VrifyRegester@77847718]" started-at="2023-06-30T22:52:25 IST" name="ExtentReport" finished-at="2023-06-30T22:52:25 IST" duration-ms="250" status="PASS">
          <reporter-output>
          </reporter-output>
        </test-method> <!-- ExtentReport -->
        <test-method is-config="true" signature="LaunchBrowser()[pri:0, instance:TestCases.VrifyRegester@77847718]" started-at="2023-06-30T22:52:25 IST" name="LaunchBrowser" finished-at="2023-06-30T22:52:35 IST" duration-ms="9544" status="PASS">
          <reporter-output>
          </reporter-output>
        </test-method> <!-- LaunchBrowser -->
        <test-method signature="Regester()[pri:0, instance:TestCases.VrifyRegester@77847718]" started-at="2023-06-30T22:52:35 IST" name="Regester" finished-at="2023-06-30T22:52:40 IST" duration-ms="4558" status="PASS">
          <reporter-output>
          </reporter-output>
        </test-method> <!-- Regester -->
        <test-method is-config="true" signature="quitBrowser()[pri:0, instance:TestCases.VrifyRegester@77847718]" started-at="2023-06-30T22:52:40 IST" name="quitBrowser" finished-at="2023-06-30T22:52:40 IST" duration-ms="172" status="PASS">
          <reporter-output>
          </reporter-output>
        </test-method> <!-- quitBrowser -->
        <test-method is-config="true" signature="endReport()[pri:0, instance:TestCases.VrifyRegester@77847718]" started-at="2023-06-30T22:53:12 IST" name="endReport" finished-at="2023-06-30T22:53:12 IST" duration-ms="283" status="PASS">
          <reporter-output>
          </reporter-output>
        </test-method> <!-- endReport -->
      </class> <!-- TestCases.VrifyRegester -->
      <class name="TestCases.VerifyLogIn">
        <test-method is-config="true" signature="LaunchBrowser()[pri:0, instance:TestCases.VerifyLogIn@4550bb58]" started-at="2023-06-30T22:52:40 IST" name="LaunchBrowser" finished-at="2023-06-30T22:52:44 IST" duration-ms="4560" status="PASS">
          <reporter-output>
          </reporter-output>
        </test-method> <!-- LaunchBrowser -->
        <test-method signature="Customer()[pri:1, instance:TestCases.VerifyLogIn@4550bb58]" started-at="2023-06-30T22:52:44 IST" name="Customer" finished-at="2023-06-30T22:52:45 IST" duration-ms="1148" status="PASS">
          <reporter-output>
          </reporter-output>
        </test-method> <!-- Customer -->
        <test-method is-config="true" signature="quitBrowser()[pri:0, instance:TestCases.VerifyLogIn@4550bb58]" started-at="2023-06-30T22:52:45 IST" name="quitBrowser" finished-at="2023-06-30T22:52:46 IST" duration-ms="178" status="PASS">
          <reporter-output>
          </reporter-output>
        </test-method> <!-- quitBrowser -->
        <test-method is-config="true" signature="LaunchBrowser()[pri:0, instance:TestCases.VerifyLogIn@4550bb58]" started-at="2023-06-30T22:52:46 IST" name="LaunchBrowser" finished-at="2023-06-30T22:52:51 IST" duration-ms="4971" status="PASS">
          <reporter-output>
          </reporter-output>
        </test-method> <!-- LaunchBrowser -->
        <test-method signature="Login()[pri:2, instance:TestCases.VerifyLogIn@4550bb58]" started-at="2023-06-30T22:52:51 IST" name="Login" finished-at="2023-06-30T22:52:53 IST" duration-ms="2584" status="PASS">
          <reporter-output>
          </reporter-output>
        </test-method> <!-- Login -->
        <test-method is-config="true" signature="quitBrowser()[pri:0, instance:TestCases.VerifyLogIn@4550bb58]" started-at="2023-06-30T22:52:53 IST" name="quitBrowser" finished-at="2023-06-30T22:52:53 IST" duration-ms="151" status="PASS">
          <reporter-output>
          </reporter-output>
        </test-method> <!-- quitBrowser -->
      </class> <!-- TestCases.VerifyLogIn -->
      <class name="TestCases.VerifyTransac">
        <test-method is-config="true" signature="LaunchBrowser()[pri:0, instance:TestCases.VerifyTransac@223191a6]" started-at="2023-06-30T22:53:03 IST" name="LaunchBrowser" finished-at="2023-06-30T22:53:07 IST" duration-ms="4335" status="PASS">
          <reporter-output>
          </reporter-output>
        </test-method> <!-- LaunchBrowser -->
        <test-method signature="FindTransactions()[pri:0, instance:TestCases.VerifyTransac@223191a6]" started-at="2023-06-30T22:53:07 IST" name="FindTransactions" finished-at="2023-06-30T22:53:12 IST" duration-ms="4667" status="PASS">
          <reporter-output>
          </reporter-output>
        </test-method> <!-- FindTransactions -->
        <test-method is-config="true" signature="quitBrowser()[pri:0, instance:TestCases.VerifyTransac@223191a6]" started-at="2023-06-30T22:53:12 IST" name="quitBrowser" finished-at="2023-06-30T22:53:12 IST" duration-ms="160" status="PASS">
          <reporter-output>
          </reporter-output>
        </test-method> <!-- quitBrowser -->
      </class> <!-- TestCases.VerifyTransac -->
    </test> <!-- Test -->
  </suite> <!-- Suite -->
</testng-results>
