<?xml version="1.0" encoding="UTF-8"?>
<testng-results ignored="6" total="11" passed="5" failed="0" skipped="0">
  <reporter-output>
  </reporter-output>
  <suite started-at="2023-06-30T19:50:13 IST" name="Suite" finished-at="2023-06-30T19:50:55 IST" duration-ms="42752">
    <groups>
    </groups>
    <test started-at="2023-06-30T19:50:13 IST" name="Test" finished-at="2023-06-30T19:50:55 IST" duration-ms="42752">
      <class name="TestCases.veifyAccServices">
        <test-method is-config="true" signature="LaunchBrowser()[pri:0, instance:TestCases.veifyAccServices@4ec4f3a0]" started-at="2023-06-30T19:50:35 IST" name="LaunchBrowser" finished-at="2023-06-30T19:50:40 IST" duration-ms="4772" status="PASS">
          <reporter-output>
          </reporter-output>
        </test-method> <!-- LaunchBrowser -->
        <test-method signature="AccountServices()[pri:0, instance:TestCases.veifyAccServices@4ec4f3a0]" started-at="2023-06-30T19:50:40 IST" name="AccountServices" finished-at="2023-06-30T19:50:45 IST" duration-ms="4732" status="PASS">
          <reporter-output>
          </reporter-output>
        </test-method> <!-- AccountServices -->
        <test-method is-config="true" signature="quitBrowser()[pri:0, instance:TestCases.veifyAccServices@4ec4f3a0]" started-at="2023-06-30T19:50:45 IST" name="quitBrowser" finished-at="2023-06-30T19:50:45 IST" duration-ms="127" status="PASS">
          <reporter-output>
          </reporter-output>
        </test-method> <!-- quitBrowser -->
      </class> <!-- TestCases.veifyAccServices -->
      <class name="TestCases.VrifyRegester">
        <test-method is-config="true" signature="ExtentReport()[pri:0, instance:TestCases.VrifyRegester@77847718]" started-at="2023-06-30T19:50:13 IST" name="ExtentReport" finished-at="2023-06-30T19:50:13 IST" duration-ms="255" status="PASS">
          <reporter-output>
          </reporter-output>
        </test-method> <!-- ExtentReport -->
        <test-method is-config="true" signature="LaunchBrowser()[pri:0, instance:TestCases.VrifyRegester@77847718]" started-at="2023-06-30T19:50:13 IST" name="LaunchBrowser" finished-at="2023-06-30T19:50:22 IST" duration-ms="8733" status="PASS">
          <reporter-output>
          </reporter-output>
        </test-method> <!-- LaunchBrowser -->
        <test-method signature="Regester()[pri:0, instance:TestCases.VrifyRegester@77847718]" started-at="2023-06-30T19:50:22 IST" name="Regester" finished-at="2023-06-30T19:50:23 IST" duration-ms="1477" status="PASS">
          <reporter-output>
          </reporter-output>
        </test-method> <!-- Regester -->
        <test-method is-config="true" signature="quitBrowser()[pri:0, instance:TestCases.VrifyRegester@77847718]" started-at="2023-06-30T19:50:23 IST" name="quitBrowser" finished-at="2023-06-30T19:50:23 IST" duration-ms="191" status="PASS">
          <reporter-output>
          </reporter-output>
        </test-method> <!-- quitBrowser -->
        <test-method is-config="true" signature="endReport()[pri:0, instance:TestCases.VrifyRegester@77847718]" started-at="2023-06-30T19:50:55 IST" name="endReport" finished-at="2023-06-30T19:50:55 IST" duration-ms="309" status="PASS">
          <reporter-output>
          </reporter-output>
        </test-method> <!-- endReport -->
      </class> <!-- TestCases.VrifyRegester -->
      <class name="TestCases.VerifyLogIn">
        <test-method is-config="true" signature="LaunchBrowser()[pri:0, instance:TestCases.VerifyLogIn@4550bb58]" started-at="2023-06-30T19:50:23 IST" name="LaunchBrowser" finished-at="2023-06-30T19:50:28 IST" duration-ms="4880" status="PASS">
          <reporter-output>
          </reporter-output>
        </test-method> <!-- LaunchBrowser -->
        <test-method signature="Customer()[pri:1, instance:TestCases.VerifyLogIn@4550bb58]" started-at="2023-06-30T19:50:28 IST" name="Customer" finished-at="2023-06-30T19:50:30 IST" duration-ms="1260" status="PASS">
          <reporter-output>
          </reporter-output>
        </test-method> <!-- Customer -->
        <test-method is-config="true" signature="quitBrowser()[pri:0, instance:TestCases.VerifyLogIn@4550bb58]" started-at="2023-06-30T19:50:30 IST" name="quitBrowser" finished-at="2023-06-30T19:50:30 IST" duration-ms="180" status="PASS">
          <reporter-output>
          </reporter-output>
        </test-method> <!-- quitBrowser -->
        <test-method is-config="true" signature="LaunchBrowser()[pri:0, instance:TestCases.VerifyLogIn@4550bb58]" started-at="2023-06-30T19:50:30 IST" name="LaunchBrowser" finished-at="2023-06-30T19:50:35 IST" duration-ms="4832" status="PASS">
          <reporter-output>
          </reporter-output>
        </test-method> <!-- LaunchBrowser -->
        <test-method signature="Login()[pri:2, instance:TestCases.VerifyLogIn@4550bb58]" started-at="2023-06-30T19:50:35 IST" name="Login" finished-at="2023-06-30T19:50:35 IST" duration-ms="561" status="PASS">
          <reporter-output>
          </reporter-output>
        </test-method> <!-- Login -->
        <test-method is-config="true" signature="quitBrowser()[pri:0, instance:TestCases.VerifyLogIn@4550bb58]" started-at="2023-06-30T19:50:35 IST" name="quitBrowser" finished-at="2023-06-30T19:50:35 IST" duration-ms="179" status="PASS">
          <reporter-output>
          </reporter-output>
        </test-method> <!-- quitBrowser -->
      </class> <!-- TestCases.VerifyLogIn -->
      <class name="TestCases.VerifyTransac">
        <test-method is-config="true" signature="LaunchBrowser()[pri:0, instance:TestCases.VerifyTransac@223191a6]" started-at="2023-06-30T19:50:45 IST" name="LaunchBrowser" finished-at="2023-06-30T19:50:50 IST" duration-ms="5318" status="PASS">
          <reporter-output>
          </reporter-output>
        </test-method> <!-- LaunchBrowser -->
        <test-method signature="FindTransactions()[pri:0, instance:TestCases.VerifyTransac@223191a6]" started-at="2023-06-30T19:50:50 IST" name="FindTransactions" finished-at="2023-06-30T19:50:55 IST" duration-ms="4725" status="PASS">
          <reporter-output>
          </reporter-output>
        </test-method> <!-- FindTransactions -->
        <test-method is-config="true" signature="quitBrowser()[pri:0, instance:TestCases.VerifyTransac@223191a6]" started-at="2023-06-30T19:50:55 IST" name="quitBrowser" finished-at="2023-06-30T19:50:55 IST" duration-ms="167" status="PASS">
          <reporter-output>
          </reporter-output>
        </test-method> <!-- quitBrowser -->
      </class> <!-- TestCases.VerifyTransac -->
    </test> <!-- Test -->
  </suite> <!-- Suite -->
</testng-results>
